[1014/205343.362:ERROR:settings.cc(430)] Settings version is not 5
[1014/210343.415:ERROR:filesystem_win.cc(129)] GetFileAttributes C:\Users\Nirjhor\AppData\Local\Microsoft\Edge\User Data\Crashpad\attachments\0337a791-69bc-4c0b-8769-95b913422db2: The system cannot find the path specified. (0x3)
[1014/210343.449:ERROR:filesystem_win.cc(129)] GetFileAttributes C:\Users\Nirjhor\AppData\Local\Microsoft\Edge\User Data\Crashpad\attachments\0611039a-86d8-42cf-9c86-f903e20b5ddf: The system cannot find the path specified. (0x3)
[1014/210343.463:ERROR:filesystem_win.cc(129)] GetFileAttributes C:\Users\Nirjhor\AppData\Local\Microsoft\Edge\User Data\Crashpad\attachments\187845ec-157d-448d-b896-ce5efd6d48b3: The system cannot find the path specified. (0x3)
[1014/210343.473:ERROR:filesystem_win.cc(129)] GetFileAttributes C:\Users\Nirjhor\AppData\Local\Microsoft\Edge\User Data\Crashpad\attachments\271e5d17-12dc-4240-800e-f2e2113c061b: The system cannot find the path specified. (0x3)
[1014/210343.501:ERROR:filesystem_win.cc(129)] GetFileAttributes C:\Users\Nirjhor\AppData\Local\Microsoft\Edge\User Data\Crashpad\attachments\29cf5fa7-e685-4bb4-a146-963b4c4f2755: The system cannot find the path specified. (0x3)
[1014/210343.501:ERROR:filesystem_win.cc(129)] GetFileAttributes C:\Users\Nirjhor\AppData\Local\Microsoft\Edge\User Data\Crashpad\attachments\2bf629d3-fb76-42f7-8151-763474ec931a: The system cannot find the path specified. (0x3)
[1014/210343.517:ERROR:filesystem_win.cc(129)] GetFileAttributes C:\Users\Nirjhor\AppData\Local\Microsoft\Edge\User Data\Crashpad\attachments\321db1d2-53d3-4181-87a2-fb6484ea9915: The system cannot find the path specified. (0x3)
[1014/210343.534:ERROR:filesystem_win.cc(129)] GetFileAttributes C:\Users\Nirjhor\AppData\Local\Microsoft\Edge\User Data\Crashpad\attachments\33cdcfa4-fcc5-498c-8634-bc9855d070e1: The system cannot find the path specified. (0x3)
[1014/210343.543:ERROR:filesystem_win.cc(129)] GetFileAttributes C:\Users\Nirjhor\AppData\Local\Microsoft\Edge\User Data\Crashpad\attachments\360e6751-c08c-4826-a583-c8a9ab52c125: The system cannot find the path specified. (0x3)
[1014/210343.543:ERROR:filesystem_win.cc(129)] GetFileAttributes C:\Users\Nirjhor\AppData\Local\Microsoft\Edge\User Data\Crashpad\attachments\3cc5f07a-d622-4a38-9296-5d270be849bb: The system cannot find the path specified. (0x3)
[1014/210343.552:ERROR:filesystem_win.cc(129)] GetFileAttributes C:\Users\Nirjhor\AppData\Local\Microsoft\Edge\User Data\Crashpad\attachments\3ce6c055-2608-43a5-bf7e-99b993a6561b: The system cannot find the path specified. (0x3)
[1014/210343.572:ERROR:filesystem_win.cc(129)] GetFileAttributes C:\Users\Nirjhor\AppData\Local\Microsoft\Edge\User Data\Crashpad\attachments\44063d63-7e32-4aca-ae5a-e5af48c6d363: The system cannot find the path specified. (0x3)
[1014/210343.572:ERROR:filesystem_win.cc(129)] GetFileAttributes C:\Users\Nirjhor\AppData\Local\Microsoft\Edge\User Data\Crashpad\attachments\49672dbd-20c3-453e-9993-59d59fce38c6: The system cannot find the path specified. (0x3)
[1014/210343.572:ERROR:filesystem_win.cc(129)] GetFileAttributes C:\Users\Nirjhor\AppData\Local\Microsoft\Edge\User Data\Crashpad\attachments\4bfcecde-87d0-49e7-a5c5-4ecad04ca3b6: The system cannot find the path specified. (0x3)
[1014/210343.596:ERROR:filesystem_win.cc(129)] GetFileAttributes C:\Users\Nirjhor\AppData\Local\Microsoft\Edge\User Data\Crashpad\attachments\523ca56b-e22e-491c-b6ea-d69f04626922: The system cannot find the path specified. (0x3)
[1014/210343.597:ERROR:filesystem_win.cc(129)] GetFileAttributes C:\Users\Nirjhor\AppData\Local\Microsoft\Edge\User Data\Crashpad\attachments\539c2007-7543-4ebe-b301-fb7c208cb45a: The system cannot find the path specified. (0x3)
[1014/210343.610:ERROR:filesystem_win.cc(129)] GetFileAttributes C:\Users\Nirjhor\AppData\Local\Microsoft\Edge\User Data\Crashpad\attachments\555deb25-8a8d-4f63-b1d6-16c9ba956103: The system cannot find the path specified. (0x3)
[1014/210343.625:ERROR:filesystem_win.cc(129)] GetFileAttributes C:\Users\Nirjhor\AppData\Local\Microsoft\Edge\User Data\Crashpad\attachments\5573bafe-90ae-4678-a809-0eecee33011a: The system cannot find the path specified. (0x3)
[1014/210343.626:ERROR:filesystem_win.cc(129)] GetFileAttributes C:\Users\Nirjhor\AppData\Local\Microsoft\Edge\User Data\Crashpad\attachments\5e9c4f59-88e2-4dcf-a175-721c5b3ea0f9: The system cannot find the path specified. (0x3)
[1014/210343.641:ERROR:filesystem_win.cc(129)] GetFileAttributes C:\Users\Nirjhor\AppData\Local\Microsoft\Edge\User Data\Crashpad\attachments\61ed3ac5-0e4c-455f-b1dd-c509a5b5a2d8: The system cannot find the path specified. (0x3)
[1014/210343.641:ERROR:filesystem_win.cc(129)] GetFileAttributes C:\Users\Nirjhor\AppData\Local\Microsoft\Edge\User Data\Crashpad\attachments\6255beeb-7d8b-462e-acdc-93ae6f73a601: The system cannot find the path specified. (0x3)
[1014/210343.651:ERROR:filesystem_win.cc(129)] GetFileAttributes C:\Users\Nirjhor\AppData\Local\Microsoft\Edge\User Data\Crashpad\attachments\6ed9a4b8-6377-40f0-b7f0-09c97045e7c7: The system cannot find the path specified. (0x3)
[1014/210343.651:ERROR:filesystem_win.cc(129)] GetFileAttributes C:\Users\Nirjhor\AppData\Local\Microsoft\Edge\User Data\Crashpad\attachments\79e2ed77-1b21-45a4-8379-8ee62f9364ac: The system cannot find the path specified. (0x3)
[1014/210343.673:ERROR:filesystem_win.cc(129)] GetFileAttributes C:\Users\Nirjhor\AppData\Local\Microsoft\Edge\User Data\Crashpad\attachments\8668dd70-37a7-4edb-b0d3-c9106ca46df7: The system cannot find the path specified. (0x3)
[1014/210343.673:ERROR:filesystem_win.cc(129)] GetFileAttributes C:\Users\Nirjhor\AppData\Local\Microsoft\Edge\User Data\Crashpad\attachments\88a66a07-5d2a-4ef1-87bd-429ff480177d: The system cannot find the path specified. (0x3)
[1014/210343.673:ERROR:filesystem_win.cc(129)] GetFileAttributes C:\Users\Nirjhor\AppData\Local\Microsoft\Edge\User Data\Crashpad\attachments\8e8870a8-b3b9-4e67-a5a0-132d3b5d71db: The system cannot find the path specified. (0x3)
[1014/210343.688:ERROR:filesystem_win.cc(129)] GetFileAttributes C:\Users\Nirjhor\AppData\Local\Microsoft\Edge\User Data\Crashpad\attachments\8fe1d2de-7ba1-4e17-9314-6e5b7dacc23c: The system cannot find the path specified. (0x3)
[1014/210343.689:ERROR:filesystem_win.cc(129)] GetFileAttributes C:\Users\Nirjhor\AppData\Local\Microsoft\Edge\User Data\Crashpad\attachments\975ad530-1a73-44a2-936d-f2a49520a0a0: The system cannot find the path specified. (0x3)
[1014/210343.690:ERROR:filesystem_win.cc(129)] GetFileAttributes C:\Users\Nirjhor\AppData\Local\Microsoft\Edge\User Data\Crashpad\attachments\a292e508-d549-415d-8e1f-f022a120c7af: The system cannot find the path specified. (0x3)
[1014/210343.718:ERROR:filesystem_win.cc(129)] GetFileAttributes C:\Users\Nirjhor\AppData\Local\Microsoft\Edge\User Data\Crashpad\attachments\a6d3a2b8-7265-41fb-923e-a83190e21ff2: The system cannot find the path specified. (0x3)
[1014/210343.718:ERROR:filesystem_win.cc(129)] GetFileAttributes C:\Users\Nirjhor\AppData\Local\Microsoft\Edge\User Data\Crashpad\attachments\a7c4d51c-9af7-4d50-a8aa-96361eb7ab46: The system cannot find the path specified. (0x3)
[1014/210343.736:ERROR:filesystem_win.cc(129)] GetFileAttributes C:\Users\Nirjhor\AppData\Local\Microsoft\Edge\User Data\Crashpad\attachments\a88e7371-4517-478c-bdce-1b9a3c3eb8b3: The system cannot find the path specified. (0x3)
[1014/210343.767:ERROR:filesystem_win.cc(129)] GetFileAttributes C:\Users\Nirjhor\AppData\Local\Microsoft\Edge\User Data\Crashpad\attachments\a9c0609b-88e3-4b05-9a84-31b3cfa173e0: The system cannot find the path specified. (0x3)
[1014/210343.768:ERROR:filesystem_win.cc(129)] GetFileAttributes C:\Users\Nirjhor\AppData\Local\Microsoft\Edge\User Data\Crashpad\attachments\aae9229b-2f86-42a9-b475-ae2f01eed90d: The system cannot find the path specified. (0x3)
[1014/210343.780:ERROR:filesystem_win.cc(129)] GetFileAttributes C:\Users\Nirjhor\AppData\Local\Microsoft\Edge\User Data\Crashpad\attachments\aee0e731-cd79-4534-b4f1-d29fc5612e6e: The system cannot find the path specified. (0x3)
[1014/210343.780:ERROR:filesystem_win.cc(129)] GetFileAttributes C:\Users\Nirjhor\AppData\Local\Microsoft\Edge\User Data\Crashpad\attachments\af1d30a0-e3ed-4dae-b6eb-976ab178a735: The system cannot find the path specified. (0x3)
[1014/210343.780:ERROR:filesystem_win.cc(129)] GetFileAttributes C:\Users\Nirjhor\AppData\Local\Microsoft\Edge\User Data\Crashpad\attachments\b596f77e-9951-4703-bf79-daf07601700d: The system cannot find the path specified. (0x3)
[1014/210343.790:ERROR:filesystem_win.cc(129)] GetFileAttributes C:\Users\Nirjhor\AppData\Local\Microsoft\Edge\User Data\Crashpad\attachments\c05d9405-14dd-403e-a8f3-438c4d987499: The system cannot find the path specified. (0x3)
[1014/210343.805:ERROR:filesystem_win.cc(129)] GetFileAttributes C:\Users\Nirjhor\AppData\Local\Microsoft\Edge\User Data\Crashpad\attachments\c2be3214-05b0-44c9-ae25-9181427d92ad: The system cannot find the path specified. (0x3)
[1014/210343.806:ERROR:filesystem_win.cc(129)] GetFileAttributes C:\Users\Nirjhor\AppData\Local\Microsoft\Edge\User Data\Crashpad\attachments\c7933e1b-f672-44b7-9dd0-18a2986a02a1: The system cannot find the path specified. (0x3)
[1014/210343.809:ERROR:filesystem_win.cc(129)] GetFileAttributes C:\Users\Nirjhor\AppData\Local\Microsoft\Edge\User Data\Crashpad\attachments\cf0d053f-47a7-4056-9b26-e3d7f02ffb6c: The system cannot find the path specified. (0x3)
[1014/210343.822:ERROR:filesystem_win.cc(129)] GetFileAttributes C:\Users\Nirjhor\AppData\Local\Microsoft\Edge\User Data\Crashpad\attachments\d56c07d8-9028-4898-9f0a-b93c157dc47b: The system cannot find the path specified. (0x3)
[1014/210343.827:ERROR:filesystem_win.cc(129)] GetFileAttributes C:\Users\Nirjhor\AppData\Local\Microsoft\Edge\User Data\Crashpad\attachments\d861eebc-d342-4e24-b232-ab482f7aea6f: The system cannot find the path specified. (0x3)
[1014/210343.844:ERROR:filesystem_win.cc(129)] GetFileAttributes C:\Users\Nirjhor\AppData\Local\Microsoft\Edge\User Data\Crashpad\attachments\dbb9c733-fbe7-4294-9130-0b20e7a2a756: The system cannot find the path specified. (0x3)
[1014/210343.849:ERROR:filesystem_win.cc(129)] GetFileAttributes C:\Users\Nirjhor\AppData\Local\Microsoft\Edge\User Data\Crashpad\attachments\f1586990-014a-447c-bc1c-a399c11e94e0: The system cannot find the path specified. (0x3)
[1014/210343.849:ERROR:filesystem_win.cc(129)] GetFileAttributes C:\Users\Nirjhor\AppData\Local\Microsoft\Edge\User Data\Crashpad\attachments\f5ceb27b-c688-42a5-9deb-a70dcbe14692: The system cannot find the path specified. (0x3)
[1014/210343.873:ERROR:filesystem_win.cc(129)] GetFileAttributes C:\Users\Nirjhor\AppData\Local\Microsoft\Edge\User Data\Crashpad\attachments\f77b8051-2016-48d6-b4d1-13cc385f6557: The system cannot find the path specified. (0x3)
[1014/210343.889:ERROR:filesystem_win.cc(129)] GetFileAttributes C:\Users\Nirjhor\AppData\Local\Microsoft\Edge\User Data\Crashpad\attachments\fbd686bf-8ac6-4e59-a7a5-d4b170282798: The system cannot find the path specified. (0x3)
[1014/210343.901:ERROR:filesystem_win.cc(129)] GetFileAttributes C:\Users\Nirjhor\AppData\Local\Microsoft\Edge\User Data\Crashpad\attachments\fc68cbe9-1c95-4fef-ac25-b0ae2a1b2619: The system cannot find the path specified. (0x3)
[1014/210343.909:ERROR:filesystem_win.cc(129)] GetFileAttributes C:\Users\Nirjhor\AppData\Local\Microsoft\Edge\User Data\Crashpad\attachments\fca7eb46-5776-4d47-8303-2017f2894146: The system cannot find the path specified. (0x3)
[1014/210343.910:ERROR:directory_reader_win.cc(43)] FindFirstFile: The system cannot find the path specified. (0x3)
